<?xml version="1.0" encoding="UTF-8"?>
<testng-results ignored="0" total="1" passed="1" failed="0" skipped="0">
  <reporter-output>
  </reporter-output>
  <suite started-at="2026-03-12T12:20:26 IST" name="Flight Booking Suite" finished-at="2026-03-12T12:20:52 IST" duration-ms="25533">
    <groups>
    </groups>
    <test started-at="2026-03-12T12:20:26 IST" name="Flight Test" finished-at="2026-03-12T12:20:52 IST" duration-ms="25533">
      <class name="tests.FlightBookingTest">
        <test-method is-config="true" signature="setup()[pri:0, instance:tests.FlightBookingTest@618b19ad]" started-at="2026-03-12T12:20:26 IST" name="setup" finished-at="2026-03-12T12:20:32 IST" duration-ms="6158" status="PASS">
          <reporter-output>
          </reporter-output>
        </test-method> <!-- setup -->
        <test-method signature="bookFlightTest()[pri:0, instance:tests.FlightBookingTest@618b19ad]" started-at="2026-03-12T12:20:32 IST" name="bookFlightTest" finished-at="2026-03-12T12:20:51 IST" duration-ms="18854" status="PASS">
          <reporter-output>
          </reporter-output>
        </test-method> <!-- bookFlightTest -->
        <test-method is-config="true" signature="tearDown()[pri:0, instance:tests.FlightBookingTest@618b19ad]" started-at="2026-03-12T12:20:51 IST" name="tearDown" finished-at="2026-03-12T12:20:52 IST" duration-ms="449" status="PASS">
          <reporter-output>
          </reporter-output>
        </test-method> <!-- tearDown -->
      </class> <!-- tests.FlightBookingTest -->
    </test> <!-- Flight Test -->
  </suite> <!-- Flight Booking Suite -->
</testng-results>
